<?xml version="1.0" encoding="UTF-8"?>
<!-- Generated by org.testng.reporters.JUnitXMLReporter -->
<testsuite hostname="VenkataathysMBP" ignored="0" name="GoogleTest" tests="2" failures="1" timestamp="2021-12-26T18:26:53 EST" time="14.333" errors="0">
  <testcase name="validateGoogleResult" time="2.439" classname="com.google.tests.GoogleSearchTest"/>
  <testcase name="validateGoogleResult" time="1.704" classname="com.google.tests.GoogleSearchTest">
    <failure type="java.lang.AssertionError" message="Actual: Selenium expected [true] but found [false]">
      <![CDATA[java.lang.AssertionError: Actual: Selenium expected [true] but found [false]
at com.google.tests.GoogleSearchTest.validateGoogleResult(GoogleSearchTest.java:68)
at java.util.ArrayList.forEach(ArrayList.java:1257)
... Removed 30 stack frames]]>
    </failure>
  </testcase> <!-- validateGoogleResult -->
</testsuite> <!-- GoogleTest -->
