<?xml version="1.0" encoding="UTF-8"?>
<testsuite xmlns:xsi="http://www.w3.org/2001/XMLSchema-instance" xsi:noNamespaceSchemaLocation="https://maven.apache.org/surefire/maven-surefire-plugin/xsd/surefire-test-report.xsd" name="TestSuite" time="39.158" tests="2" errors="0" skipped="0" failures="1">
  <properties>
[...]
</properties>
  <testcase name="validateGoogleResult" classname="com.google.tests.GoogleSearchTest" time="3.853"/>
  <testcase name="validateGoogleResult" classname="com.google.tests.GoogleSearchTest" time="23.51">
    <failure message="Expected condition failed: waiting for element to be clickable: Proxy element for: DefaultElementLocator &apos;By.xpath: //a[contains(@href, &apos;selenium.dev&apos;)]/h3&apos; (tried for 15 second(s) with 500 milliseconds interval)" type="org.openqa.selenium.TimeoutException">org.openqa.selenium.TimeoutException: Expected condition failed: waiting for element to be clickable: Proxy element for: DefaultElementLocator 'By.xpath: //a[contains(@href, 'selenium.dev')]/h3' (tried for 15 second(s) with 500 milliseconds interval)
	at com.google.tests.GoogleSearchTest.validateGoogleResult(GoogleSearchTest.java:66)
Caused by: org.openqa.selenium.NoSuchElementException: 
no such element: Unable to locate element: {"method":"xpath","selector":"//a[contains(@href, 'selenium.dev')]/h3"}
  (Session info: chrome=108.0.5359.124)
For documentation on this error, please visit: https://selenium.dev/exceptions/#no_such_element
Build info: version: '4.7.2', revision: '4d4020c3b7'
System info: os.name: 'Mac OS X', os.arch: 'x86_64', os.version: '11.5', java.version: '17.0.1'
Driver info: org.openqa.selenium.chrome.ChromeDriver
Command: [d07bc6f0fedcbedc740a961884b65fe7, findElement {using=xpath, value=//a[contains(@href, 'selenium.dev')]/h3}]
Capabilities {acceptInsecureCerts: false, browserName: chrome, browserVersion: 108.0.5359.124, chrome: {chromedriverVersion: 108.0.5359.71 (1e0e3868ee06..., userDataDir: /var/folders/34/602ct6f909s...}, goog:chromeOptions: {debuggerAddress: localhost:62238}, networkConnectionEnabled: false, pageLoadStrategy: normal, platformName: MAC, proxy: Proxy(), se:cdp: ws://localhost:62238/devtoo..., se:cdpVersion: 108.0.5359.124, setWindowRect: true, strictFileInteractability: false, timeouts: {implicit: 0, pageLoad: 300000, script: 30000}, unhandledPromptBehavior: dismiss and notify, webauthn:extension:credBlob: true, webauthn:extension:largeBlob: true, webauthn:virtualAuthenticators: true}
Session ID: d07bc6f0fedcbedc740a961884b65fe7
	at com.google.tests.GoogleSearchTest.validateGoogleResult(GoogleSearchTest.java:66)
</failure>
  </testcase>
</testsuite>